[debug] [2024-05-30T11:18:59.981Z] ----------------------------------------------------------------------
[debug] [2024-05-30T11:18:59.986Z] Command:       C:\Program Files\nodejs\node.exe C:\Users\vincc\Documents\GitHub\ThirdSpaceCMS\node_modules\firebase-tools\lib\bin\firebase.js deploy
[debug] [2024-05-30T11:18:59.986Z] CLI Version:   13.8.0
[debug] [2024-05-30T11:18:59.987Z] Platform:      win32
[debug] [2024-05-30T11:18:59.987Z] Node Version:  v20.9.0
[debug] [2024-05-30T11:18:59.987Z] Time:          Thu May 30 2024 13:18:59 GMT+0200 (heure d’été d’Europe centrale)
[debug] [2024-05-30T11:18:59.988Z] ----------------------------------------------------------------------
[debug] 
[debug] [2024-05-30T11:19:00.154Z] > command requires scopes: ["email","openid","https://www.googleapis.com/auth/cloudplatformprojects.readonly","https://www.googleapis.com/auth/firebase","https://www.googleapis.com/auth/cloud-platform"]
[debug] [2024-05-30T11:19:00.154Z] > authorizing via signed-in user (vinc.charles0@gmail.com)
[debug] [2024-05-30T11:19:00.155Z] [iam] checking project third--space for permissions ["cloudfunctions.functions.create","cloudfunctions.functions.delete","cloudfunctions.functions.get","cloudfunctions.functions.list","cloudfunctions.functions.update","cloudfunctions.operations.get","firebase.projects.get","firebasehosting.sites.update","firebaserules.releases.create","firebaserules.releases.update","firebaserules.rulesets.create"]
[debug] [2024-05-30T11:19:00.158Z] >>> [apiv2][query] POST https://cloudresourcemanager.googleapis.com/v1/projects/third--space:testIamPermissions [none]
[debug] [2024-05-30T11:19:00.158Z] >>> [apiv2][(partial)header] POST https://cloudresourcemanager.googleapis.com/v1/projects/third--space:testIamPermissions x-goog-quota-user=projects/third--space
[debug] [2024-05-30T11:19:00.159Z] >>> [apiv2][body] POST https://cloudresourcemanager.googleapis.com/v1/projects/third--space:testIamPermissions {"permissions":["cloudfunctions.functions.create","cloudfunctions.functions.delete","cloudfunctions.functions.get","cloudfunctions.functions.list","cloudfunctions.functions.update","cloudfunctions.operations.get","firebase.projects.get","firebasehosting.sites.update","firebaserules.releases.create","firebaserules.releases.update","firebaserules.rulesets.create"]}
[debug] [2024-05-30T11:19:00.956Z] <<< [apiv2][status] POST https://cloudresourcemanager.googleapis.com/v1/projects/third--space:testIamPermissions 200
[debug] [2024-05-30T11:19:00.956Z] <<< [apiv2][body] POST https://cloudresourcemanager.googleapis.com/v1/projects/third--space:testIamPermissions {"permissions":["cloudfunctions.functions.create","cloudfunctions.functions.delete","cloudfunctions.functions.get","cloudfunctions.functions.list","cloudfunctions.functions.update","cloudfunctions.operations.get","firebase.projects.get","firebasehosting.sites.update","firebaserules.releases.create","firebaserules.releases.update","firebaserules.rulesets.create"]}
[debug] [2024-05-30T11:19:00.957Z] >>> [apiv2][query] POST https://iam.googleapis.com/v1/projects/third--space/serviceAccounts/third--space@appspot.gserviceaccount.com:testIamPermissions [none]
[debug] [2024-05-30T11:19:00.957Z] >>> [apiv2][body] POST https://iam.googleapis.com/v1/projects/third--space/serviceAccounts/third--space@appspot.gserviceaccount.com:testIamPermissions {"permissions":["iam.serviceAccounts.actAs"]}
[debug] [2024-05-30T11:19:01.649Z] <<< [apiv2][status] POST https://iam.googleapis.com/v1/projects/third--space/serviceAccounts/third--space@appspot.gserviceaccount.com:testIamPermissions 200
[debug] [2024-05-30T11:19:01.650Z] <<< [apiv2][body] POST https://iam.googleapis.com/v1/projects/third--space/serviceAccounts/third--space@appspot.gserviceaccount.com:testIamPermissions {"permissions":["iam.serviceAccounts.actAs"]}
[debug] [2024-05-30T11:19:01.651Z] >>> [apiv2][query] GET https://firebase.googleapis.com/v1beta1/projects/third--space [none]
[debug] [2024-05-30T11:19:01.950Z] <<< [apiv2][status] GET https://firebase.googleapis.com/v1beta1/projects/third--space 200
[debug] [2024-05-30T11:19:01.951Z] <<< [apiv2][body] GET https://firebase.googleapis.com/v1beta1/projects/third--space {"projectId":"third--space","projectNumber":"99453910780","displayName":"ThirdSpace","name":"projects/third--space","resources":{"hostingSite":"third--space","realtimeDatabaseInstance":"third--space-default-rtdb","storageBucket":"third--space.appspot.com","locationId":"europe-west"},"state":"ACTIVE","etag":"1_725c2708-8e5b-4b70-b094-3afc89180ec3"}
[info] 
[info] === Deploying to 'third--space'...
[info] 
[info] i  deploying storage, functions, hosting 
[info] i  storage: ensuring required API firebasestorage.googleapis.com is enabled... 
[debug] [2024-05-30T11:19:01.960Z] >>> [apiv2][query] GET https://serviceusage.googleapis.com/v1/projects/third--space/services/firebasestorage.googleapis.com [none]
[debug] [2024-05-30T11:19:01.960Z] >>> [apiv2][(partial)header] GET https://serviceusage.googleapis.com/v1/projects/third--space/services/firebasestorage.googleapis.com x-goog-quota-user=projects/third--space
[debug] [2024-05-30T11:19:02.991Z] <<< [apiv2][status] GET https://serviceusage.googleapis.com/v1/projects/third--space/services/firebasestorage.googleapis.com 200
[debug] [2024-05-30T11:19:02.992Z] <<< [apiv2][body] GET https://serviceusage.googleapis.com/v1/projects/third--space/services/firebasestorage.googleapis.com [omitted]
[info] +  storage: required API firebasestorage.googleapis.com is enabled 
[debug] [2024-05-30T11:19:02.993Z] >>> [apiv2][query] GET https://firebasestorage.googleapis.com/v1alpha/projects/third--space/defaultBucket [none]
[debug] [2024-05-30T11:19:03.534Z] <<< [apiv2][status] GET https://firebasestorage.googleapis.com/v1alpha/projects/third--space/defaultBucket 200
[debug] [2024-05-30T11:19:03.534Z] <<< [apiv2][body] GET https://firebasestorage.googleapis.com/v1alpha/projects/third--space/defaultBucket {"name":"projects/third--space/defaultBucket","location":"EU","bucket":{"name":"projects/third--space/buckets/third--space.appspot.com"}}
[info] i  firebase.storage: checking storage.rules for compilation errors... 
[debug] [2024-05-30T11:19:03.536Z] >>> [apiv2][query] POST https://firebaserules.googleapis.com/v1/projects/third--space:test [none]
[debug] [2024-05-30T11:19:03.536Z] >>> [apiv2][body] POST https://firebaserules.googleapis.com/v1/projects/third--space:test [omitted]
[debug] [2024-05-30T11:19:04.327Z] <<< [apiv2][status] POST https://firebaserules.googleapis.com/v1/projects/third--space:test 200
[debug] [2024-05-30T11:19:04.328Z] <<< [apiv2][body] POST https://firebaserules.googleapis.com/v1/projects/third--space:test {}
[info] +  firebase.storage: rules file storage.rules compiled successfully 
[debug] [2024-05-30T11:19:04.331Z] >>> [apiv2][query] GET https://firebase.googleapis.com/v1beta1/projects/third--space [none]
[debug] [2024-05-30T11:19:04.526Z] <<< [apiv2][status] GET https://firebase.googleapis.com/v1beta1/projects/third--space 200
[debug] [2024-05-30T11:19:04.526Z] <<< [apiv2][body] GET https://firebase.googleapis.com/v1beta1/projects/third--space {"projectId":"third--space","projectNumber":"99453910780","displayName":"ThirdSpace","name":"projects/third--space","resources":{"hostingSite":"third--space","realtimeDatabaseInstance":"third--space-default-rtdb","storageBucket":"third--space.appspot.com","locationId":"europe-west"},"state":"ACTIVE","etag":"1_725c2708-8e5b-4b70-b094-3afc89180ec3"}
[info] i  functions: preparing codebase default for deployment 
[info] i  functions: ensuring required API cloudfunctions.googleapis.com is enabled... 
[info] i  functions: ensuring required API cloudbuild.googleapis.com is enabled... 
[info] i  artifactregistry: ensuring required API artifactregistry.googleapis.com is enabled... 
[debug] [2024-05-30T11:19:04.533Z] >>> [apiv2][query] GET https://serviceusage.googleapis.com/v1/projects/third--space/services/cloudfunctions.googleapis.com [none]
[debug] [2024-05-30T11:19:04.533Z] >>> [apiv2][(partial)header] GET https://serviceusage.googleapis.com/v1/projects/third--space/services/cloudfunctions.googleapis.com x-goog-quota-user=projects/third--space
[debug] [2024-05-30T11:19:04.534Z] >>> [apiv2][query] GET https://serviceusage.googleapis.com/v1/projects/third--space/services/runtimeconfig.googleapis.com [none]
[debug] [2024-05-30T11:19:04.534Z] >>> [apiv2][(partial)header] GET https://serviceusage.googleapis.com/v1/projects/third--space/services/runtimeconfig.googleapis.com x-goog-quota-user=projects/third--space
[debug] [2024-05-30T11:19:04.538Z] >>> [apiv2][query] GET https://serviceusage.googleapis.com/v1/projects/third--space/services/cloudbuild.googleapis.com [none]
[debug] [2024-05-30T11:19:04.538Z] >>> [apiv2][(partial)header] GET https://serviceusage.googleapis.com/v1/projects/third--space/services/cloudbuild.googleapis.com x-goog-quota-user=projects/third--space
[debug] [2024-05-30T11:19:04.542Z] >>> [apiv2][query] GET https://serviceusage.googleapis.com/v1/projects/third--space/services/artifactregistry.googleapis.com [none]
[debug] [2024-05-30T11:19:04.542Z] >>> [apiv2][(partial)header] GET https://serviceusage.googleapis.com/v1/projects/third--space/services/artifactregistry.googleapis.com x-goog-quota-user=projects/third--space
[debug] [2024-05-30T11:19:04.907Z] <<< [apiv2][status] GET https://serviceusage.googleapis.com/v1/projects/third--space/services/cloudfunctions.googleapis.com 200
[debug] [2024-05-30T11:19:04.907Z] <<< [apiv2][body] GET https://serviceusage.googleapis.com/v1/projects/third--space/services/cloudfunctions.googleapis.com [omitted]
[info] +  functions: required API cloudfunctions.googleapis.com is enabled 
[debug] [2024-05-30T11:19:05.415Z] <<< [apiv2][status] GET https://serviceusage.googleapis.com/v1/projects/third--space/services/cloudbuild.googleapis.com 200
[debug] [2024-05-30T11:19:05.416Z] <<< [apiv2][body] GET https://serviceusage.googleapis.com/v1/projects/third--space/services/cloudbuild.googleapis.com [omitted]
[info] +  functions: required API cloudbuild.googleapis.com is enabled 
[debug] [2024-05-30T11:19:05.418Z] <<< [apiv2][status] GET https://serviceusage.googleapis.com/v1/projects/third--space/services/artifactregistry.googleapis.com 200
[debug] [2024-05-30T11:19:05.419Z] <<< [apiv2][body] GET https://serviceusage.googleapis.com/v1/projects/third--space/services/artifactregistry.googleapis.com [omitted]
[info] +  artifactregistry: required API artifactregistry.googleapis.com is enabled 
[debug] [2024-05-30T11:19:05.474Z] <<< [apiv2][status] GET https://serviceusage.googleapis.com/v1/projects/third--space/services/runtimeconfig.googleapis.com 200
[debug] [2024-05-30T11:19:05.474Z] <<< [apiv2][body] GET https://serviceusage.googleapis.com/v1/projects/third--space/services/runtimeconfig.googleapis.com [omitted]
[debug] [2024-05-30T11:19:05.475Z] >>> [apiv2][query] GET https://firebase.googleapis.com/v1beta1/projects/third--space/adminSdkConfig [none]
[debug] [2024-05-30T11:19:05.900Z] <<< [apiv2][status] GET https://firebase.googleapis.com/v1beta1/projects/third--space/adminSdkConfig 200
[debug] [2024-05-30T11:19:05.900Z] <<< [apiv2][body] GET https://firebase.googleapis.com/v1beta1/projects/third--space/adminSdkConfig {"projectId":"third--space","databaseURL":"https://third--space-default-rtdb.firebaseio.com","storageBucket":"third--space.appspot.com","locationId":"europe-west"}
[debug] [2024-05-30T11:19:05.901Z] >>> [apiv2][query] GET https://runtimeconfig.googleapis.com/v1beta1/projects/third--space/configs [none]
[debug] [2024-05-30T11:19:06.151Z] <<< [apiv2][status] GET https://runtimeconfig.googleapis.com/v1beta1/projects/third--space/configs 200
[debug] [2024-05-30T11:19:06.152Z] <<< [apiv2][body] GET https://runtimeconfig.googleapis.com/v1beta1/projects/third--space/configs {"configs":[{"name":"projects/third--space/configs/gmail"}]}
[debug] [2024-05-30T11:19:06.152Z] >>> [apiv2][query] GET https://runtimeconfig.googleapis.com/v1beta1/projects/third--space/configs/gmail/variables [none]
[debug] [2024-05-30T11:19:06.300Z] <<< [apiv2][status] GET https://runtimeconfig.googleapis.com/v1beta1/projects/third--space/configs/gmail/variables 200
[debug] [2024-05-30T11:19:06.300Z] <<< [apiv2][body] GET https://runtimeconfig.googleapis.com/v1beta1/projects/third--space/configs/gmail/variables {"variables":[{"name":"projects/third--space/configs/gmail/variables/password","updateTime":"2024-05-18T11:18:18.029530431Z"},{"name":"projects/third--space/configs/gmail/variables/private_key","updateTime":"2024-05-18T11:32:55.897304946Z"},{"name":"projects/third--space/configs/gmail/variables/client_email","updateTime":"2024-05-18T11:32:51.725055700Z"},{"name":"projects/third--space/configs/gmail/variables/email","updateTime":"2024-05-18T10:09:12.342618897Z"}]}
[debug] [2024-05-30T11:19:06.301Z] >>> [apiv2][query] GET https://runtimeconfig.googleapis.com/v1beta1/projects/third--space/configs/gmail/variables/password [none]
[debug] [2024-05-30T11:19:06.301Z] >>> [apiv2][query] GET https://runtimeconfig.googleapis.com/v1beta1/projects/third--space/configs/gmail/variables/private_key [none]
[debug] [2024-05-30T11:19:06.304Z] >>> [apiv2][query] GET https://runtimeconfig.googleapis.com/v1beta1/projects/third--space/configs/gmail/variables/client_email [none]
[debug] [2024-05-30T11:19:06.307Z] >>> [apiv2][query] GET https://runtimeconfig.googleapis.com/v1beta1/projects/third--space/configs/gmail/variables/email [none]
[debug] [2024-05-30T11:19:06.462Z] <<< [apiv2][status] GET https://runtimeconfig.googleapis.com/v1beta1/projects/third--space/configs/gmail/variables/password 200
[debug] [2024-05-30T11:19:06.463Z] <<< [apiv2][body] GET https://runtimeconfig.googleapis.com/v1beta1/projects/third--space/configs/gmail/variables/password {"name":"projects/third--space/configs/gmail/variables/password","updateTime":"2024-05-18T11:18:18.029530431Z","text":"rgyz cwaf dyuh qlvw"}
[debug] [2024-05-30T11:19:06.499Z] <<< [apiv2][status] GET https://runtimeconfig.googleapis.com/v1beta1/projects/third--space/configs/gmail/variables/email 200
[debug] [2024-05-30T11:19:06.499Z] <<< [apiv2][body] GET https://runtimeconfig.googleapis.com/v1beta1/projects/third--space/configs/gmail/variables/email {"name":"projects/third--space/configs/gmail/variables/email","updateTime":"2024-05-18T10:09:12.342618897Z","text":"3space.contact@gmail.com"}
[debug] [2024-05-30T11:19:06.503Z] <<< [apiv2][status] GET https://runtimeconfig.googleapis.com/v1beta1/projects/third--space/configs/gmail/variables/client_email 200
[debug] [2024-05-30T11:19:06.503Z] <<< [apiv2][body] GET https://runtimeconfig.googleapis.com/v1beta1/projects/third--space/configs/gmail/variables/client_email {"name":"projects/third--space/configs/gmail/variables/client_email","updateTime":"2024-05-18T11:32:51.725055700Z","text":"third--space@appspot.gserviceaccount.com"}
[debug] [2024-05-30T11:19:06.523Z] <<< [apiv2][status] GET https://runtimeconfig.googleapis.com/v1beta1/projects/third--space/configs/gmail/variables/private_key 200
[debug] [2024-05-30T11:19:06.523Z] <<< [apiv2][body] GET https://runtimeconfig.googleapis.com/v1beta1/projects/third--space/configs/gmail/variables/private_key {"name":"projects/third--space/configs/gmail/variables/private_key","updateTime":"2024-05-18T11:32:55.897304946Z","text":"-----BEGIN PRIVATE KEY-----\\nMIIEvAIBADANBgkqhkiG9w0BAQEFAASCBKYwggSiAgEAAoIBAQCmMzSSy/yd8Elq\\n3eYtA7LGM4LU9bCaGTjUVdQ5Ke1tXGTzcr7fY3malFnPcjeMdsoTYQ4CpJx6taUt\\n3qV2Ua6anijL/OU25zcZm+aP1NHP4GPaoZpyCjykbt005OnSWUm23svH5r1v8GBZ\\njAfV+LS1ZZjuINDbZTkHg2/1V3oCXEfnvcNJbdJjcET5yCWt2PZfDcVlrSHhkooY\\ng8e8MkE2D0DHT2nb+bCzMm0xpuJTVODPyEv88kGTqN0ePwkFG18yVJ0Glz9dqrks\\npOVQtq5Ke1+VKd0Q/ThWgxrAMT7wbm70Ymmxz5P/UO+P89Z/EgxpCcMQTAm59woT\\n8PHfxns5AgMBAAECggEAFrm5Nlpkri7xRwbVBrIzA4V/HgIDVirdObGLvY5FXBcO\\nabh2r4KBWfjvh91ZCaCjlH9IpGVgTSohzjIbw2A7ZQJ71xq7N+TpRJvr7J5f2xIW\\nbUp8HRxXuu862ZT0gPH7EaGI0Up0fEYs0onCd4hUo1ojTWpYzKscX3HiQPSnZwOA\\n9p3d9yPoH5Wfc11P/N6ZBO/bqBzCkZqP1u4ONfYBLXiEUiuRqYITkEYmRg0uLgw8\\npftRZzSvlHjd92cNRqC++4I9CNFaRNBX0G24LEfBoqLP0PYJurGusJyTa7ArMJZX\\ngnmW8gAZIKJO1v4rpp2oIy2qNi89xSgFoJL8SqznNQKBgQDoJzfT6eVwdvJ8fuf8\\nXiHIBnnB9lhAbQT1yhPC+zQjNz6UebJ2Nn90d9eH34RD7dcPso5K/cUHfaSDrdxd\\nD6S5xPcPNVD4xhzarIkC7plbADjqQ8MMShmGE3Oze1PKahgpKqdqV5vxGINfUQMs\\nqlsyZUH/iEbpzoBJHP6p5vnLhQKBgQC3RajSGTXi8Rc/FdFjmu5iN2LlayJwj4Ys\\nwb0gDoaSn2bFuQ0elMBm6nenmi8CqWJmmfIjfcVP0kGr0AsB5hubEkWXgA988acX\\nLXgwoSaP65/TP0BNGloMJBmJafFrj8GXMGRRqOO1RzD+QfQjK4sZuZFYkJlG2Ilo\\nSAn9IoYdJQKBgDa294t0duT4w9HfvyFVtjSEgjHas5YLm72qMNolhnY+UPuBazQ9\\nR/DVRfD6FxxDdAp5FNxLzyIi1KFMWsF8LGC0MV5ePIVFfAt12pzcSzyNYtyjt9av\\nqDBXaU+F44uzUZpyOR7xIwnBs0TFvS/Lvs6z2sg1ADGev9F7ifHVRE5ZAoGATGb8\\n1wFthntNXp5A2U5IXKeMUenUxKoAnH3z0v5bOZq8JGddwcbvYrgSQ8uyF2D3xaAd\\n4o/XBsy3VeH4BMWh8oauflcDnem755ysA1HbGpp22YD/1GTM70zJXJDO9TFL2jRx\\nTd2jd/oCwaxLE7JeXc4PeqVlULSKq++EQoP29wUCgYAa9Xexn94RKQ27duAAYDgO\\n6MxgIuCafyQTDkgmseh5dh1fgSU6wubV7nUf/wbqz8/ROrYA5EpNUKC9aXCjSt2s\\nr66rm8nRCUken9xISmTKNBL6+F6v84u3yWPniA9cPrrTudM7Uh5QkUM/u0g2/u/+\\nXktVATXDKur5lJLuiM+HAg==\\n-----END PRIVATE KEY-----\\n"}
[debug] [2024-05-30T11:19:06.530Z] Validating nodejs source
[warn] !  functions: package.json indicates an outdated version of firebase-functions. Please upgrade using npm install --save firebase-functions@latest in your functions directory. 
[warn] !  functions: Please note that there will be breaking changes when you upgrade. 
[debug] [2024-05-30T11:19:09.541Z] > [functions] package.json contents: {
  "name": "functions",
  "description": "Cloud Functions for Firebase",
  "scripts": {
    "serve": "firebase emulators:start --only functions",
    "shell": "firebase functions:shell",
    "start": "npm run shell",
    "deploy": "firebase deploy --only functions",
    "logs": "firebase functions:log"
  },
  "engines": {
    "node": "18"
  },
  "main": "index.js",
  "dependencies": {
    "firebase-admin": "^11.8.0",
    "firebase-functions": "^4.3.1",
    "googleapis": "^137.1.0",
    "nodemailer": "^6.9.13"
  },
  "devDependencies": {
    "firebase-functions-test": "^3.1.0"
  },
  "private": true
}
[debug] [2024-05-30T11:19:09.542Z] Building nodejs source
[info] i  functions: Loading and analyzing source code for codebase default to determine what to deploy 
[debug] [2024-05-30T11:19:09.545Z] Could not find functions.yaml. Must use http discovery
[debug] [2024-05-30T11:19:09.559Z] Found firebase-functions binary at 'C:\Users\vincc\Documents\GitHub\ThirdSpaceCMS\functions\node_modules\.bin\firebase-functions'
[info] Serving at port 8228

[debug] [2024-05-30T11:19:16.313Z] Got response from /__/functions.yaml {"endpoints":{"sendEmailOnFirestoreWrite":{"platform":"gcfv1","availableMemoryMb":null,"timeoutSeconds":null,"minInstances":null,"maxInstances":null,"ingressSettings":null,"serviceAccountEmail":null,"vpc":null,"eventTrigger":{"eventType":"providers/cloud.firestore/eventTypes/document.create","eventFilters":{"resource":"projects/third--space/databases/(default)/documents/reports/{reportId}"},"retry":false},"labels":{},"entryPoint":"sendEmailOnFirestoreWrite"},"sendEmailsOnContactFormSubmit":{"platform":"gcfv1","availableMemoryMb":null,"timeoutSeconds":null,"minInstances":null,"maxInstances":null,"ingressSettings":null,"serviceAccountEmail":null,"vpc":null,"eventTrigger":{"eventType":"providers/cloud.firestore/eventTypes/document.create","eventFilters":{"resource":"projects/third--space/databases/(default)/documents/contacts/{contactId}"},"retry":false},"labels":{},"entryPoint":"sendEmailsOnContactFormSubmit"}},"specVersion":"v1alpha1","requiredAPIs":[]}
[info] i  functions: preparing functions directory for uploading... 
[info] i  functions: packaged C:\Users\vincc\Documents\GitHub\ThirdSpaceCMS\functions (73.04 KB) for uploading 
[debug] [2024-05-30T11:19:21.496Z] >>> [apiv2][query] GET https://cloudfunctions.googleapis.com/v1/projects/third--space/locations/-/functions [none]
[debug] [2024-05-30T11:19:22.055Z] <<< [apiv2][status] GET https://cloudfunctions.googleapis.com/v1/projects/third--space/locations/-/functions 200
[debug] [2024-05-30T11:19:22.056Z] <<< [apiv2][body] GET https://cloudfunctions.googleapis.com/v1/projects/third--space/locations/-/functions {"functions":[{"name":"projects/third--space/locations/us-central1/functions/sendEmailOnFirestoreWrite","eventTrigger":{"eventType":"providers/cloud.firestore/eventTypes/document.create","resource":"projects/third--space/databases/(default)/documents/reports/{reportId}","service":"firestore.googleapis.com","failurePolicy":{}},"status":"ACTIVE","entryPoint":"sendEmailOnFirestoreWrite","timeout":"60s","availableMemoryMb":256,"serviceAccountEmail":"third--space@appspot.gserviceaccount.com","updateTime":"2024-05-23T19:34:43.078Z","versionId":"10","labels":{"deployment-tool":"cli-firebase","firebase-functions-hash":"dc68aea28dcd3bd7cc0675c7791b5d3d4eaef456"},"sourceUploadUrl":"https://storage.googleapis.com/uploads-673446692100.us-central1.cloudfunctions.appspot.com/7907059a-559e-4952-94f5-4059ede81ece.zip","environmentVariables":{"FIREBASE_CONFIG":"{\"projectId\":\"third--space\",\"databaseURL\":\"https://third--space-default-rtdb.firebaseio.com\",\"storageBucket\":\"third--space.appspot.com\",\"locationId\":\"europe-west\"}","GCLOUD_PROJECT":"third--space","EVENTARC_CLOUD_EVENT_SOURCE":"projects/third--space/locations/us-central1/functions/sendEmailOnFirestoreWrite"},"runtime":"nodejs18","maxInstances":3000,"ingressSettings":"ALLOW_ALL","buildId":"afb7c49b-9e20-4b52-b47e-ab4487daed7c","buildEnvironmentVariables":{"GOOGLE_NODE_RUN_SCRIPTS":""},"buildName":"projects/99453910780/locations/us-central1/builds/afb7c49b-9e20-4b52-b47e-ab4487daed7c","dockerRegistry":"ARTIFACT_REGISTRY","automaticUpdatePolicy":{}},{"name":"projects/third--space/locations/us-central1/functions/sendEmailsOnContactFormSubmit","eventTrigger":{"eventType":"providers/cloud.firestore/eventTypes/document.create","resource":"projects/third--space/databases/(default)/documents/contacts/{contactId}","service":"firestore.googleapis.com","failurePolicy":{}},"status":"ACTIVE","entryPoint":"sendEmailsOnContactFormSubmit","timeout":"60s","availableMemoryMb":256,"serviceAccountEmail":"third--space@appspot.gserviceaccount.com","updateTime":"2024-05-23T19:34:49.067Z","versionId":"3","labels":{"deployment-tool":"cli-firebase","firebase-functions-hash":"dc68aea28dcd3bd7cc0675c7791b5d3d4eaef456"},"sourceUploadUrl":"https://storage.googleapis.com/uploads-673446692100.us-central1.cloudfunctions.appspot.com/7907059a-559e-4952-94f5-4059ede81ece.zip","environmentVariables":{"FIREBASE_CONFIG":"{\"projectId\":\"third--space\",\"databaseURL\":\"https://third--space-default-rtdb.firebaseio.com\",\"storageBucket\":\"third--space.appspot.com\",\"locationId\":\"europe-west\"}","GCLOUD_PROJECT":"third--space","EVENTARC_CLOUD_EVENT_SOURCE":"projects/third--space/locations/us-central1/functions/sendEmailsOnContactFormSubmit"},"runtime":"nodejs18","maxInstances":3000,"ingressSettings":"ALLOW_ALL","buildId":"afb7c49b-9e20-4b52-b47e-ab4487daed7c","buildEnvironmentVariables":{"GOOGLE_NODE_RUN_SCRIPTS":""},"buildName":"projects/99453910780/locations/us-central1/builds/afb7c49b-9e20-4b52-b47e-ab4487daed7c","dockerRegistry":"ARTIFACT_REGISTRY","automaticUpdatePolicy":{}}]}
[debug] [2024-05-30T11:19:22.058Z] >>> [apiv2][query] GET https://cloudfunctions.googleapis.com/v2/projects/third--space/locations/-/functions filter=environment%3D%22GEN_2%22
[debug] [2024-05-30T11:19:23.013Z] <<< [apiv2][status] GET https://cloudfunctions.googleapis.com/v2/projects/third--space/locations/-/functions 200
[debug] [2024-05-30T11:19:23.013Z] <<< [apiv2][body] GET https://cloudfunctions.googleapis.com/v2/projects/third--space/locations/-/functions {}
[debug] [2024-05-30T11:19:23.018Z] >>> [apiv2][query] GET https://firebase.googleapis.com/v1beta1/projects/third--space [none]
[debug] [2024-05-30T11:19:23.281Z] <<< [apiv2][status] GET https://firebase.googleapis.com/v1beta1/projects/third--space 200
[debug] [2024-05-30T11:19:23.282Z] <<< [apiv2][body] GET https://firebase.googleapis.com/v1beta1/projects/third--space {"projectId":"third--space","projectNumber":"99453910780","displayName":"ThirdSpace","name":"projects/third--space","resources":{"hostingSite":"third--space","realtimeDatabaseInstance":"third--space-default-rtdb","storageBucket":"third--space.appspot.com","locationId":"europe-west"},"state":"ACTIVE","etag":"1_725c2708-8e5b-4b70-b094-3afc89180ec3"}
[debug] [2024-05-30T11:19:23.287Z] >>> [apiv2][query] POST https://firebasehosting.googleapis.com/v1beta1/projects/-/sites/third--space/versions [none]
[debug] [2024-05-30T11:19:23.287Z] >>> [apiv2][body] POST https://firebasehosting.googleapis.com/v1beta1/projects/-/sites/third--space/versions {"status":"CREATED","labels":{"deployment-tool":"cli-firebase"}}
[debug] [2024-05-30T11:19:24.551Z] <<< [apiv2][status] POST https://firebasehosting.googleapis.com/v1beta1/projects/-/sites/third--space/versions 200
[debug] [2024-05-30T11:19:24.551Z] <<< [apiv2][body] POST https://firebasehosting.googleapis.com/v1beta1/projects/-/sites/third--space/versions {"name":"projects/99453910780/sites/third--space/versions/2b578ff7c5038660","status":"CREATED","config":{},"labels":{"deployment-tool":"cli-firebase"}}
[debug] [2024-05-30T11:19:24.553Z] >>> [apiv2][query] GET https://firebaserules.googleapis.com/v1/projects/third--space/releases pageSize=10&pageToken=
[debug] [2024-05-30T11:19:25.254Z] <<< [apiv2][status] GET https://firebaserules.googleapis.com/v1/projects/third--space/releases 200
[debug] [2024-05-30T11:19:25.254Z] <<< [apiv2][body] GET https://firebaserules.googleapis.com/v1/projects/third--space/releases {"releases":[{"name":"projects/third--space/releases/cloud.firestore","rulesetName":"projects/third--space/rulesets/37ba4bc8-4bc9-4909-82ef-1c2d4fcba572","createTime":"2023-12-13T12:51:42.829113Z","updateTime":"2024-04-30T20:28:33.672018Z"},{"name":"projects/third--space/releases/firebase.storage/third--space.appspot.com","rulesetName":"projects/third--space/rulesets/606d4627-f774-4618-a621-034b0804828f","createTime":"2024-04-09T18:54:11.391358Z","updateTime":"2024-05-30T07:28:24.170611Z"}]}
[debug] [2024-05-30T11:19:25.270Z] >>> [apiv2][query] GET https://firebaserules.googleapis.com/v1/projects/third--space/rulesets/606d4627-f774-4618-a621-034b0804828f [none]
[debug] [2024-05-30T11:19:25.546Z] <<< [apiv2][status] GET https://firebaserules.googleapis.com/v1/projects/third--space/rulesets/606d4627-f774-4618-a621-034b0804828f 200
[debug] [2024-05-30T11:19:25.546Z] <<< [apiv2][body] GET https://firebaserules.googleapis.com/v1/projects/third--space/rulesets/606d4627-f774-4618-a621-034b0804828f [omitted]
[debug] [2024-05-30T11:19:25.548Z] >>> [apiv2][query] POST https://cloudresourcemanager.googleapis.com/v1/projects/99453910780:getIamPolicy [none]
[debug] [2024-05-30T11:19:26.314Z] <<< [apiv2][status] POST https://cloudresourcemanager.googleapis.com/v1/projects/99453910780:getIamPolicy 200
[debug] [2024-05-30T11:19:26.314Z] <<< [apiv2][body] POST https://cloudresourcemanager.googleapis.com/v1/projects/99453910780:getIamPolicy {"version":1,"etag":"BwYXPfYcN0M=","bindings":[{"role":"roles/artifactregistry.serviceAgent","members":["serviceAccount:service-99453910780@gcp-sa-artifactregistry.iam.gserviceaccount.com"]},{"role":"roles/cloudbuild.builds.builder","members":["serviceAccount:99453910780@cloudbuild.gserviceaccount.com"]},{"role":"roles/cloudbuild.serviceAgent","members":["serviceAccount:service-99453910780@gcp-sa-cloudbuild.iam.gserviceaccount.com"]},{"role":"roles/cloudfunctions.developer","members":["serviceAccount:github-action-728153338@third--space.iam.gserviceaccount.com"]},{"role":"roles/cloudfunctions.serviceAgent","members":["serviceAccount:service-99453910780@gcf-admin-robot.iam.gserviceaccount.com"]},{"role":"roles/containerregistry.ServiceAgent","members":["serviceAccount:service-99453910780@containerregistry.iam.gserviceaccount.com"]},{"role":"roles/editor","members":["serviceAccount:third--space@appspot.gserviceaccount.com","user:vinc.charles0@gmail.com"]},{"role":"roles/firebase.managementServiceAgent","members":["serviceAccount:firebase-service-account@firebase-sa-management.iam.gserviceaccount.com","serviceAccount:service-99453910780@gcp-sa-firebase.iam.gserviceaccount.com"]},{"role":"roles/firebase.sdkAdminServiceAgent","members":["serviceAccount:firebase-adminsdk-r8shf@third--space.iam.gserviceaccount.com"]},{"role":"roles/firebaseauth.admin","members":["serviceAccount:github-action-728153338@third--space.iam.gserviceaccount.com"]},{"role":"roles/firebasedatabase.admin","members":["serviceAccount:firebase-adminsdk-r8shf@third--space.iam.gserviceaccount.com"]},{"role":"roles/firebasehosting.admin","members":["serviceAccount:github-action-728153338@third--space.iam.gserviceaccount.com"]},{"role":"roles/firebaserules.system","members":["serviceAccount:service-99453910780@firebase-rules.iam.gserviceaccount.com"]},{"role":"roles/firebasestorage.serviceAgent","members":["serviceAccount:service-99453910780@gcp-sa-firebasestorage.iam.gserviceaccount.com"]},{"role":"roles/firestore.serviceAgent","members":["serviceAccount:service-99453910780@gcp-sa-firestore.iam.gserviceaccount.com"]},{"role":"roles/iam.serviceAccountTokenCreator","members":["serviceAccount:firebase-adminsdk-r8shf@third--space.iam.gserviceaccount.com"]},{"role":"roles/owner","members":["user:3space.contact@gmail.com"]},{"role":"roles/pubsub.serviceAgent","members":["serviceAccount:service-99453910780@gcp-sa-pubsub.iam.gserviceaccount.com"]},{"role":"roles/run.viewer","members":["serviceAccount:github-action-728153338@third--space.iam.gserviceaccount.com"]},{"role":"roles/serviceusage.apiKeysViewer","members":["serviceAccount:github-action-728153338@third--space.iam.gserviceaccount.com"]},{"role":"roles/storage.admin","members":["serviceAccount:firebase-adminsdk-r8shf@third--space.iam.gserviceaccount.com"]}]}
